0 verbose cli /home/blitzkriegbop/.asdf/installs/nodejs/21.3.0/bin/node /home/blitzkriegbop/.asdf/installs/nodejs/21.3.0/bin/npm
1 info using npm@10.2.5
2 info using node@v21.3.0
3 timing npm:load:whichnode Completed in 1ms
4 timing config:load:defaults Completed in 2ms
5 timing config:load:file:/home/blitzkriegbop/.asdf/installs/nodejs/21.3.0/lib/node_modules/npm/npmrc Completed in 0ms
6 timing config:load:builtin Completed in 0ms
7 timing config:load:cli Completed in 2ms
8 timing config:load:env Completed in 0ms
9 timing config:load:project Completed in 4ms
10 timing config:load:file:/home/blitzkriegbop/.npmrc Completed in 0ms
11 timing config:load:user Completed in 0ms
12 timing config:load:file:/home/blitzkriegbop/.asdf/installs/nodejs/21.3.0/etc/npmrc Completed in 1ms
13 timing config:load:global Completed in 1ms
14 timing config:load:setEnvs Completed in 2ms
15 timing config:load Completed in 11ms
16 timing npm:load:configload Completed in 11ms
17 timing config:load:flatten Completed in 1ms
18 timing npm:load:mkdirpcache Completed in 1ms
19 timing npm:load:mkdirplogs Completed in 0ms
20 verbose title npm link
21 verbose argv "link"
22 timing npm:load:setTitle Completed in 1ms
23 timing npm:load:display Completed in 0ms
24 verbose logfile logs-max:10 dir:/home/blitzkriegbop/.npm/_logs/2024-02-11T19_33_50_655Z-
25 verbose logfile /home/blitzkriegbop/.npm/_logs/2024-02-11T19_33_50_655Z-debug-0.log
26 timing npm:load:logFile Completed in 5ms
27 timing npm:load:timers Completed in 0ms
28 timing npm:load:configScope Completed in 0ms
29 timing npm:load Completed in 33ms
30 timing config:load:flatten Completed in 0ms
31 timing arborist:ctor Completed in 1ms
32 silly logfile start cleaning logs, removing 1 files
33 silly logfile done cleaning log files
34 timing idealTree:init Completed in 4ms
35 timing idealTree:userRequests Completed in 2ms
36 silly idealTree buildDeps
37 silly placeDep ROOT @hexlet/code@1.0.0 OK for:  want: file:../../../../..
38 timing idealTree:#root Completed in 8ms
39 timing idealTree:node_modules/@hexlet/code Completed in 0ms
40 timing idealTree:buildDeps Completed in 9ms
41 timing idealTree:fixDepFlags Completed in 1ms
42 timing idealTree Completed in 17ms
43 timing reify:loadTrees Completed in 18ms
44 timing reify:diffTrees Completed in 1ms
45 silly reify moves {}
46 timing reify:retireShallow Completed in 1ms
47 timing reify:createSparse Completed in 0ms
48 timing reify:loadBundles Completed in 0ms
49 silly audit bulk request { '@hexlet/code': [ '1.0.0' ] }
50 timing reifyNode:node_modules/@hexlet/code Completed in 4ms
51 timing reify:unpack Completed in 4ms
52 timing reify:unretire Completed in 0ms
53 timing build:queue Completed in 0ms
54 timing build:deps Completed in 0ms
55 timing build:queue Completed in 0ms
56 timing build:links Completed in 0ms
57 timing build Completed in 0ms
58 timing reify:build Completed in 0ms
59 timing reify:trash Completed in 0ms
60 silly audit bulk request failed undefined
61 verbose audit error FetchError: request to https://registry.npmjs.org/-/npm/v1/security/audits/quick failed, reason: getaddrinfo EAI_AGAIN registry.npmjs.org
61 verbose audit error     at ClientRequest.<anonymous> (/home/blitzkriegbop/.asdf/installs/nodejs/21.3.0/lib/node_modules/npm/node_modules/minipass-fetch/lib/index.js:130:14)
61 verbose audit error     at ClientRequest.emit (node:events:519:28)
61 verbose audit error     at _destroy (node:_http_client:875:13)
61 verbose audit error     at onSocketNT (node:_http_client:895:5)
61 verbose audit error     at process.processTicksAndRejections (node:internal/process/task_queues:83:21) {
61 verbose audit error   code: 'EAI_AGAIN',
61 verbose audit error   errno: 'EAI_AGAIN',
61 verbose audit error   syscall: 'getaddrinfo',
61 verbose audit error   hostname: 'registry.npmjs.org',
61 verbose audit error   type: 'system'
61 verbose audit error }
62 silly audit error undefined
63 timing auditReport:getReport Completed in 20038ms
64 silly audit report null
65 timing reify:audit Completed in 20039ms
66 timing reify Completed in 20122ms
67 silly ADD node_modules/@hexlet/code
68 timing command:link Completed in 20129ms
69 verbose exit 0
70 timing npm Completed in 20313ms
71 info ok
