0 verbose cli /home/blitzkriegbop/.asdf/installs/nodejs/21.3.0/bin/node /home/blitzkriegbop/.asdf/installs/nodejs/21.3.0/bin/npm
1 info using npm@10.2.4
2 info using node@v21.3.0
3 timing npm:load:whichnode Completed in 1ms
4 timing config:load:defaults Completed in 2ms
5 timing config:load:file:/home/blitzkriegbop/.asdf/installs/nodejs/21.3.0/lib/node_modules/npm/npmrc Completed in 2ms
6 timing config:load:builtin Completed in 2ms
7 timing config:load:cli Completed in 3ms
8 timing config:load:env Completed in 0ms
9 timing config:load:project Completed in 4ms
10 timing config:load:file:/home/blitzkriegbop/.npmrc Completed in 0ms
11 timing config:load:user Completed in 0ms
12 timing config:load:file:/home/blitzkriegbop/.asdf/installs/nodejs/21.3.0/etc/npmrc Completed in 0ms
13 timing config:load:global Completed in 0ms
14 timing config:load:setEnvs Completed in 1ms
15 timing config:load Completed in 13ms
16 timing npm:load:configload Completed in 13ms
17 timing config:load:flatten Completed in 1ms
18 timing npm:load:mkdirpcache Completed in 0ms
19 timing npm:load:mkdirplogs Completed in 0ms
20 verbose title npm install npm@10.2.5
21 verbose argv "install" "--global" "npm@10.2.5"
22 timing npm:load:setTitle Completed in 0ms
23 timing npm:load:display Completed in 0ms
24 verbose logfile logs-max:10 dir:/home/blitzkriegbop/.npm/_logs/2024-01-06T15_12_47_409Z-
25 verbose logfile /home/blitzkriegbop/.npm/_logs/2024-01-06T15_12_47_409Z-debug-0.log
26 timing npm:load:logFile Completed in 9ms
27 timing npm:load:timers Completed in 0ms
28 timing npm:load:configScope Completed in 0ms
29 timing npm:load Completed in 35ms
30 timing config:load:flatten Completed in 0ms
31 silly logfile done cleaning log files
32 http fetch GET 200 https://registry.npmjs.org/npm 44ms (cache hit)
33 timing arborist:ctor Completed in 1ms
34 timing idealTree:init Completed in 7ms
35 timing idealTree:userRequests Completed in 1ms
36 silly idealTree buildDeps
37 silly fetch manifest npm@10.2.5
38 http fetch GET 200 https://registry.npmjs.org/npm 12ms (cache hit)
39 silly placeDep ROOT npm@10.2.5 OK for:  want: 10.2.5
40 timing idealTree:#root Completed in 37ms
41 timing idealTree:node_modules/npm Completed in 0ms
42 timing idealTree:buildDeps Completed in 39ms
43 timing idealTree:fixDepFlags Completed in 0ms
44 timing idealTree Completed in 49ms
45 timing reify:loadTrees Completed in 216ms
46 timing reify:diffTrees Completed in 5ms
47 silly reify mark retired [
47 silly reify   '/home/blitzkriegbop/.asdf/installs/nodejs/21.3.0/lib/node_modules/npm',
47 silly reify   '/home/blitzkriegbop/.asdf/installs/nodejs/21.3.0/bin/npm',
47 silly reify   '/home/blitzkriegbop/.asdf/installs/nodejs/21.3.0/bin/npx'
47 silly reify ]
48 silly reify moves {
48 silly reify   '/home/blitzkriegbop/.asdf/installs/nodejs/21.3.0/lib/node_modules/npm': '/home/blitzkriegbop/.asdf/installs/nodejs/21.3.0/lib/node_modules/.npm-lrFNUo0J',
48 silly reify   '/home/blitzkriegbop/.asdf/installs/nodejs/21.3.0/bin/npm': '/home/blitzkriegbop/.asdf/installs/nodejs/21.3.0/bin/.npm-B13MCbIX',
48 silly reify   '/home/blitzkriegbop/.asdf/installs/nodejs/21.3.0/bin/npx': '/home/blitzkriegbop/.asdf/installs/nodejs/21.3.0/bin/.npx-4N89AL8m'
48 silly reify }
49 timing reify:retireShallow Completed in 8ms
50 timing reify:createSparse Completed in 0ms
51 silly tarball no local data for npm@https://registry.npmjs.org/npm/-/npm-10.2.5.tgz. Extracting by manifest.
52 http fetch GET 200 https://registry.npmjs.org/npm/-/npm-10.2.5.tgz 2234ms (cache miss)
53 timing reifyNode:node_modules/npm Completed in 2244ms
54 timing arborist:ctor Completed in 0ms
55 timing reify:diffTrees Completed in 5ms
56 timing reify:loadBundles Completed in 2389ms
57 timing reify:unpack Completed in 1ms
58 timing reify:unretire Completed in 0ms
59 timing build:queue Completed in 6ms
60 timing build:link:node_modules/npm/node_modules/@npmcli/arborist Completed in 4ms
61 timing build:link:node_modules/npm Completed in 4ms
62 timing build:link:node_modules/npm/node_modules/cross-spawn/node_modules/which Completed in 3ms
63 timing build:link:node_modules/npm/node_modules/color-support Completed in 4ms
64 timing build:link:node_modules/npm/node_modules/cssesc Completed in 4ms
65 timing build:link:node_modules/npm/node_modules/@npmcli/installed-package-contents Completed in 4ms
66 timing build:link:node_modules/npm/node_modules/glob Completed in 4ms
67 timing build:link:node_modules/npm/node_modules/mkdirp Completed in 4ms
68 timing build:link:node_modules/npm/node_modules/node-gyp Completed in 4ms
69 timing build:link:node_modules/npm/node_modules/pacote Completed in 3ms
70 timing build:link:node_modules/npm/node_modules/qrcode-terminal Completed in 4ms
71 timing build:link:node_modules/npm/node_modules/nopt Completed in 5ms
72 timing build:link:node_modules/npm/node_modules/which Completed in 4ms
73 timing build:link:node_modules/npm/node_modules/semver Completed in 4ms
74 timing build:link Completed in 5ms
75 timing build:deps Completed in 13ms
76 timing build Completed in 13ms
77 timing reify:build Completed in 14ms
78 timing reify:trash Completed in 141ms
79 timing reify Completed in 2780ms
80 silly CHANGE node_modules/npm
81 silly CHANGE node_modules/npm/node_modules/qrcode-terminal
82 silly CHANGE node_modules/npm/node_modules/libnpmpack
83 silly CHANGE node_modules/npm/node_modules/libnpmpublish
84 silly CHANGE node_modules/npm/node_modules/libnpmteam
85 silly CHANGE node_modules/npm/node_modules/libnpmversion
86 silly CHANGE node_modules/npm/node_modules/libnpmorg
87 silly CHANGE node_modules/npm/node_modules/libnpmexec
88 silly CHANGE node_modules/npm/node_modules/libnpmaccess
89 silly CHANGE node_modules/npm/node_modules/libnpmhook
90 silly CHANGE node_modules/npm/node_modules/libnpmdiff
91 silly CHANGE node_modules/npm/node_modules/cross-spawn/node_modules/which
92 silly CHANGE node_modules/npm/node_modules/@npmcli/installed-package-contents
93 silly CHANGE node_modules/npm/node_modules/@npmcli/config
94 silly CHANGE node_modules/npm/node_modules/@npmcli/arborist
95 silly CHANGE node_modules/npm/node_modules/which
96 silly CHANGE node_modules/npm/node_modules/semver
97 silly CHANGE node_modules/npm/node_modules/pacote
98 silly CHANGE node_modules/npm/node_modules/npm-packlist
99 silly CHANGE node_modules/npm/node_modules/mkdirp
100 silly CHANGE node_modules/npm/node_modules/nopt
101 silly CHANGE node_modules/npm/node_modules/node-gyp
102 silly CHANGE node_modules/npm/node_modules/minipass-collect
103 silly REMOVE node_modules/npm/node_modules/minipass-collect/node_modules/minipass
104 silly CHANGE node_modules/npm/node_modules/lru-cache
105 silly CHANGE node_modules/npm/node_modules/libnpmsearch
106 silly CHANGE node_modules/npm/node_modules/libnpmfund
107 silly CHANGE node_modules/npm/node_modules/json-parse-even-better-errors
108 silly CHANGE node_modules/npm/node_modules/ignore-walk
109 silly CHANGE node_modules/npm/node_modules/glob
110 silly CHANGE node_modules/npm/node_modules/cssesc
111 silly CHANGE node_modules/npm/node_modules/color-support
112 silly CHANGE node_modules/npm/node_modules/cacache
113 timing command:install Completed in 2863ms
114 verbose exit 0
115 timing npm Completed in 3261ms
116 info ok
