0 verbose cli /home/blitzkriegbop/.asdf/installs/nodejs/21.3.0/bin/node /home/blitzkriegbop/.asdf/installs/nodejs/21.3.0/bin/npm
1 info using npm@10.2.5
2 info using node@v21.3.0
3 timing npm:load:whichnode Completed in 1ms
4 timing config:load:defaults Completed in 1ms
5 timing config:load:file:/home/blitzkriegbop/.asdf/installs/nodejs/21.3.0/lib/node_modules/npm/npmrc Completed in 6ms
6 timing config:load:builtin Completed in 6ms
7 timing config:load:cli Completed in 2ms
8 timing config:load:env Completed in 0ms
9 timing config:load:project Completed in 2ms
10 timing config:load:file:/home/blitzkriegbop/.npmrc Completed in 0ms
11 timing config:load:user Completed in 0ms
12 timing config:load:file:/home/blitzkriegbop/.asdf/installs/nodejs/21.3.0/etc/npmrc Completed in 0ms
13 timing config:load:global Completed in 0ms
14 timing config:load:setEnvs Completed in 1ms
15 timing config:load Completed in 12ms
16 timing npm:load:configload Completed in 13ms
17 timing config:load:flatten Completed in 2ms
18 timing npm:load:mkdirpcache Completed in 1ms
19 timing npm:load:mkdirplogs Completed in 0ms
20 verbose title npm init
21 verbose argv "init"
22 timing npm:load:setTitle Completed in 0ms
23 timing npm:load:display Completed in 1ms
24 verbose logfile logs-max:10 dir:/home/blitzkriegbop/.npm/_logs/2024-01-06T15_19_18_170Z-
25 verbose logfile /home/blitzkriegbop/.npm/_logs/2024-01-06T15_19_18_170Z-debug-0.log
26 timing npm:load:logFile Completed in 5ms
27 timing npm:load:timers Completed in 0ms
28 timing npm:load:configScope Completed in 0ms
29 timing npm:load Completed in 34ms
30 silly logfile done cleaning log files
31 silly package data {
31 silly package data   name: '@hexlet/code',
31 silly package data   version: '1.0.0',
31 silly package data   description: 'A simple Node.js package',
31 silly package data   main: 'index.js',
31 silly package data   scripts: { test: 'echo "Error: no test specified" && exit 1' },
31 silly package data   author: '',
31 silly package data   license: 'ISC'
31 silly package data }
32 timing command:init Completed in 83284ms
33 verbose exit 0
34 timing npm Completed in 83451ms
35 info ok
