0 verbose cli /home/blitzkriegbop/.asdf/installs/nodejs/21.3.0/bin/node /home/blitzkriegbop/.asdf/installs/nodejs/21.3.0/bin/npm
1 info using npm@10.2.5
2 info using node@v21.3.0
3 timing npm:load:whichnode Completed in 2ms
4 timing config:load:defaults Completed in 2ms
5 timing config:load:file:/home/blitzkriegbop/.asdf/installs/nodejs/21.3.0/lib/node_modules/npm/npmrc Completed in 1ms
6 timing config:load:builtin Completed in 1ms
7 timing config:load:cli Completed in 2ms
8 timing config:load:env Completed in 0ms
9 timing config:load:project Completed in 4ms
10 timing config:load:file:/home/blitzkriegbop/.npmrc Completed in 0ms
11 timing config:load:user Completed in 0ms
12 timing config:load:file:/home/blitzkriegbop/.asdf/installs/nodejs/21.3.0/etc/npmrc Completed in 0ms
13 timing config:load:global Completed in 0ms
14 timing config:load:setEnvs Completed in 1ms
15 timing config:load Completed in 10ms
16 timing npm:load:configload Completed in 10ms
17 timing config:load:flatten Completed in 1ms
18 timing npm:load:mkdirpcache Completed in 0ms
19 timing npm:load:mkdirplogs Completed in 0ms
20 verbose title npm run
21 verbose argv "run"
22 timing npm:load:setTitle Completed in 1ms
23 timing npm:load:display Completed in 0ms
24 verbose logfile logs-max:10 dir:/home/blitzkriegbop/.npm/_logs/2024-01-06T15_27_12_132Z-
25 verbose logfile /home/blitzkriegbop/.npm/_logs/2024-01-06T15_27_12_132Z-debug-0.log
26 timing npm:load:logFile Completed in 5ms
27 timing npm:load:timers Completed in 1ms
28 timing npm:load:configScope Completed in 0ms
29 timing npm:load Completed in 31ms
30 silly logfile done cleaning log files
31 timing command:run Completed in 7ms
32 verbose exit 0
33 timing npm Completed in 65ms
34 info ok
