2024-01-17 19:53:07.732 [info] Log level: Info
2024-01-17 19:53:07.732 [info] Validating found git in: "git"
2024-01-17 19:53:07.732 [info] Using git "2.34.1" from "git"
2024-01-17 19:53:07.732 [info] > git rev-parse --show-toplevel [49ms]
2024-01-17 19:53:07.732 [info] fatal: not a git repository (or any of the parent directories): .git
2024-01-17 19:53:07.732 [info] > git rev-parse --show-toplevel [3ms]
2024-01-17 19:53:07.732 [info] fatal: not a git repository (or any of the parent directories): .git
2024-01-17 19:53:07.732 [info] > git rev-parse --show-toplevel [1ms]
2024-01-17 19:53:07.732 [info] fatal: not a git repository (or any of the parent directories): .git
2024-01-17 19:55:03.601 [info] > git rev-parse --show-toplevel [6ms]
2024-01-17 19:55:03.601 [info] fatal: not a git repository (or any of the parent directories): .git
2024-01-17 19:55:09.454 [info] > git rev-parse --show-toplevel [0ms]
2024-01-17 19:55:09.454 [info] fatal: not a git repository (or any of the parent directories): .git
2024-01-17 19:55:23.666 [info] > git rev-parse --show-toplevel [1ms]
2024-01-17 19:55:23.666 [info] fatal: not a git repository (or any of the parent directories): .git
2024-01-17 19:57:58.928 [info] > git rev-parse --show-toplevel [2ms]
2024-01-17 19:57:58.928 [info] fatal: not a git repository (or any of the parent directories): .git
2024-01-17 19:58:18.407 [info] > git rev-parse --show-toplevel [4ms]
2024-01-17 19:58:18.416 [info] fatal: not a git repository (or any of the parent directories): .git
2024-01-17 20:00:10.317 [info] > git rev-parse --show-toplevel [2ms]
2024-01-17 20:00:10.317 [info] fatal: not a git repository (or any of the parent directories): .git
2024-01-17 20:03:22.112 [info] > git rev-parse --show-toplevel [1ms]
2024-01-17 20:03:22.112 [info] fatal: not a git repository (or any of the parent directories): .git
2024-01-17 20:04:02.807 [info] > git rev-parse --show-toplevel [1ms]
2024-01-17 20:04:02.807 [info] fatal: not a git repository (or any of the parent directories): .git
2024-01-17 20:04:07.241 [info] > git rev-parse --show-toplevel [2ms]
2024-01-17 20:04:07.241 [info] fatal: not a git repository (or any of the parent directories): .git
2024-01-17 20:04:44.880 [info] > git rev-parse --show-toplevel [1ms]
2024-01-17 20:04:44.880 [info] fatal: not a git repository (or any of the parent directories): .git
2024-01-17 20:04:46.402 [info] > git rev-parse --show-toplevel [2ms]
2024-01-17 20:04:46.402 [info] fatal: not a git repository (or any of the parent directories): .git
2024-01-17 20:05:10.111 [info] > git rev-parse --show-toplevel [3ms]
2024-01-17 20:05:10.111 [info] fatal: not a git repository (or any of the parent directories): .git
2024-01-17 20:05:31.856 [info] > git rev-parse --show-toplevel [1ms]
2024-01-17 20:05:31.856 [info] fatal: not a git repository (or any of the parent directories): .git
2024-01-17 20:07:06.031 [info] > git rev-parse --show-toplevel [3ms]
2024-01-17 20:07:06.031 [info] fatal: not a git repository (or any of the parent directories): .git
2024-01-17 20:07:45.906 [info] > git rev-parse --show-toplevel [11ms]
2024-01-17 20:07:45.906 [info] fatal: not a git repository (or any of the parent directories): .git
2024-01-17 20:07:56.483 [info] > git rev-parse --show-toplevel [2ms]
2024-01-17 20:07:56.483 [info] fatal: not a git repository (or any of the parent directories): .git
2024-01-17 20:07:57.756 [info] > git rev-parse --show-toplevel [5ms]
2024-01-17 20:07:57.756 [info] fatal: not a git repository (or any of the parent directories): .git
2024-01-17 20:08:53.649 [info] > git rev-parse --show-toplevel [7ms]
2024-01-17 20:08:53.649 [info] fatal: not a git repository (or any of the parent directories): .git
2024-01-17 20:09:28.085 [info] > git rev-parse --show-toplevel [1ms]
2024-01-17 20:09:28.085 [info] fatal: not a git repository (or any of the parent directories): .git
2024-01-17 20:09:40.048 [info] > git rev-parse --show-toplevel [3ms]
2024-01-17 20:09:40.048 [info] fatal: not a git repository (or any of the parent directories): .git
2024-01-17 20:09:46.887 [info] > git rev-parse --show-toplevel [1ms]
2024-01-17 20:09:46.887 [info] fatal: not a git repository (or any of the parent directories): .git
2024-01-17 20:10:09.455 [info] > git rev-parse --show-toplevel [1ms]
2024-01-17 20:10:09.455 [info] fatal: not a git repository (or any of the parent directories): .git
